<?xml version="1.0" encoding="UTF-8"?>
<!-- Generated by org.testng.reporters.JUnitReportReporter -->
<testsuite hostname="DESKTOP-6JOMMLI" failures="0" tests="3" name="com.ecommerce.dawnTheme.VerifyCartNotification" time="17.191" errors="0" timestamp="2024-05-19T22:45:15 IST" skipped="0">
  <testcase classname="com.ecommerce.dawnTheme.VerifyCartNotification" name="buyProdcut" time="9.589"/>
  <system-out/>
  <testcase classname="com.ecommerce.dawnTheme.VerifyCartNotification" name="addToCart" time="5.931"/>
  <system-out/>
  <testcase classname="com.ecommerce.dawnTheme.VerifyCartNotification" name="cartPage" time="1.671"/>
  <system-out/>
</testsuite> <!-- com.ecommerce.dawnTheme.VerifyCartNotification -->
