<?xml version="1.0" encoding="UTF-8"?>
<!-- Generated by org.testng.reporters.JUnitReportReporter -->
<testsuite hostname="DESKTOP-6JOMMLI" failures="0" tests="13" name="com.ecommerce.dawnTheme.verifyPDPPage" time="28.117" errors="0" timestamp="2024-05-19T22:39:52 IST" skipped="0">
  <testcase classname="com.ecommerce.dawnTheme.verifyPDPPage" name="naviagteToPDP" time="11.544"/>
  <system-out/>
  <testcase classname="com.ecommerce.dawnTheme.verifyPDPPage" name="productTitle" time="1.048"/>
  <system-out/>
  <testcase classname="com.ecommerce.dawnTheme.verifyPDPPage" name="productColor" time="1.051"/>
  <system-out/>
  <testcase classname="com.ecommerce.dawnTheme.verifyPDPPage" name="productPrice" time="1.031"/>
  <system-out/>
  <testcase classname="com.ecommerce.dawnTheme.verifyPDPPage" name="productSize" time="1.072"/>
  <system-out/>
  <testcase classname="com.ecommerce.dawnTheme.verifyPDPPage" name="productQuantity" time="1.052"/>
  <system-out/>
  <testcase classname="com.ecommerce.dawnTheme.verifyPDPPage" name="addToCartButton" time="1.061"/>
  <system-out/>
  <testcase classname="com.ecommerce.dawnTheme.verifyPDPPage" name="buyItNowButton" time="1.056"/>
  <system-out/>
  <testcase classname="com.ecommerce.dawnTheme.verifyPDPPage" name="materialsDropdown" time="3.241"/>
  <system-out/>
  <testcase classname="com.ecommerce.dawnTheme.verifyPDPPage" name="shippingAndReturnsDropdown" time="1.552"/>
  <system-out/>
  <testcase classname="com.ecommerce.dawnTheme.verifyPDPPage" name="careInstructionsDropdown" time="1.545"/>
  <system-out/>
  <testcase classname="com.ecommerce.dawnTheme.verifyPDPPage" name="shareButton" time="1.380"/>
  <system-out/>
  <testcase classname="com.ecommerce.dawnTheme.verifyPDPPage" name="youMayAlsoLike" time="1.484"/>
  <system-out/>
</testsuite> <!-- com.ecommerce.dawnTheme.verifyPDPPage -->
